<?xml version="1.0" encoding="UTF-8"?>
<!-- Generated by org.testng.reporters.JUnitXMLReporter -->
<testsuite ignored="0" hostname="DESKTOP-CTAH85S" failures="1" tests="1" name="Test" time="1.185" errors="0" timestamp="2023-07-14T12:22:08 IST">
  <testcase classname="com.TestClasses.LoginTest" name="login" time="1.132">
    <failure type="java.lang.NullPointerException">
      <![CDATA[java.lang.NullPointerException
at java.base/java.io.File.<init>(File.java:278)
at com.utilities.ScreenshotClass.takeScreenshot(ScreenshotClass.java:18)
at com.utilities.ScreenshotDecisions.onTestSuccess(ScreenshotDecisions.java:15)
at java.base/java.util.ArrayList.forEach(ArrayList.java:1511)
... Removed 28 stack frames]]>
    </failure>
  </testcase> <!-- login -->
</testsuite> <!-- Test -->
