<?xml version="1.0" encoding="UTF-8"?>
<testng-results ignored="0" total="1" passed="1" failed="0" skipped="0">
  <reporter-output>
  </reporter-output>
  <suite started-at="2023-07-15T16:50:11 IST" name="Surefire suite" finished-at="2023-07-15T16:50:13 IST" duration-ms="1621">
    <groups>
    </groups>
    <test started-at="2023-07-15T16:50:11 IST" name="Surefire test" finished-at="2023-07-15T16:50:13 IST" duration-ms="1621">
      <class name="com.TestClasses.LoginTest">
        <test-method is-config="true" signature="initializeBrowser()[pri:0, instance:com.TestClasses.LoginTest@5a63f509]" started-at="2023-07-15T16:49:48 IST" name="initializeBrowser" finished-at="2023-07-15T16:50:11 IST" duration-ms="22970" status="PASS">
          <reporter-output>
          </reporter-output>
        </test-method> <!-- initializeBrowser -->
        <test-method signature="login()[pri:0, instance:com.TestClasses.LoginTest@5a63f509]" started-at="2023-07-15T16:50:11 IST" name="login" finished-at="2023-07-15T16:50:13 IST" duration-ms="1561" status="PASS">
          <reporter-output>
          </reporter-output>
        </test-method> <!-- login -->
        <test-method is-config="true" signature="closeBrowser()[pri:0, instance:com.TestClasses.LoginTest@5a63f509]" started-at="2023-07-15T16:50:13 IST" name="closeBrowser" finished-at="2023-07-15T16:50:17 IST" duration-ms="4337" status="PASS">
          <reporter-output>
          </reporter-output>
        </test-method> <!-- closeBrowser -->
      </class> <!-- com.TestClasses.LoginTest -->
    </test> <!-- Surefire test -->
  </suite> <!-- Surefire suite -->
</testng-results>
